Build started 1/29/2013 9:03:54 PM.
     1>Project "F:\workspaces\general_web\ForexRobots\windows_dll\EAnalyzerTester\EAnalyzerTester.vcxproj" on node 2 (build target(s)).
     1>ResolveAssemblyReferences:
         Primary reference "zsfTraderLib".
             Could not find dependent files. Expected file "F:\workspaces\general_web\ForexRobots\windows_dll\EAnalyzer\Debug\zsfTraderLib.dll" does not exist.
             Could not find dependent files. The system cannot find the file specified. (Exception from HRESULT: 0x80070002)
             Resolved file path is "F:\workspaces\general_web\ForexRobots\windows_dll\EAnalyzer\Debug\zsfTraderLib.dll".
             Reference found at search path location "".
             Found related file "F:\workspaces\general_web\ForexRobots\windows_dll\EAnalyzer\Debug\zsfTraderLib.pdb".
       InitializeBuildStatus:
         Creating "Debug\EAnalyzerTester.unsuccessfulbuild" because "AlwaysCreate" was specified.
       GenerateTargetFrameworkMonikerAttribute:
       Skipping target "GenerateTargetFrameworkMonikerAttribute" because all output files are up-to-date with respect to the input files.
       ClCompile:
         L:\Program Files\Microsoft Visual Studio 10.0\VC\bin\CL.exe /c /I..\BasicUtil /I..\zsfTraderLib /I..\EAnalyzer /AI"L:\Program Files\Reference Assemblies\Microsoft\Framework\.NETFramework\v4.0" /Zi /clr /nologo /W3 /WX- /Od /Oy- /D WIN32 /D _DEBUG /D _MBCS /EHa /MDd /GS /fp:precise /Zc:wchar_t /Zc:forScope /Yc"StdAfx.h" /Fp"Debug\EAnalyzerTester.pch" /Fo"Debug\\" /Fd"Debug\vc100.pdb" /TP /FUF:\workspaces\general_web\ForexRobots\windows_dll\EAnalyzer\Debug\BasicUtil.dll /FUF:\workspaces\general_web\ForexRobots\windows_dll\BasicUtil_CS\bin\Debug\BasicUtil_CS.dll /FUF:\workspaces\general_web\ForexRobots\windows_dll\EAnalyzer\EAnalyzer_CS\bin\Debug\EAnalyzer_CS.dll /FU"L:\Program Files\Reference Assemblies\Microsoft\Framework\.NETFramework\v4.0\System.Core.dll" /FU"L:\Program Files\Reference Assemblies\Microsoft\Framework\.NETFramework\v4.0\System.dll" /FU"L:\Program Files\Reference Assemblies\Microsoft\Framework\.NETFramework\v4.0\System.Windows.Forms.dll" /FUF:\workspaces\general_web\ForexRobots\windows_dll\EAnalyzer\Debug\zsfTraderLib.dll /FUF:\workspaces\general_web\ForexRobots\windows_dll\EAnalyzer\ZsfTraderLib_CS\bin\Debug\ZsfTraderLib_CS.dll /analyze- /errorReport:prompt stdafx.cpp /clr:nostdlib 
         stdafx.cpp
     1>stdafx.cpp : fatal error C1192: #using failed on 'F:\workspaces\general_web\ForexRobots\windows_dll\EAnalyzer\Debug\zsfTraderLib.dll'
                 'The system cannot find the file specified.'
     1>Done Building Project "F:\workspaces\general_web\ForexRobots\windows_dll\EAnalyzerTester\EAnalyzerTester.vcxproj" (build target(s)) -- FAILED.

Build FAILED.

Time Elapsed 00:00:00.45
